{"C:\\Users\\Lenovo\\Desktop\\js April 2026\\Namaste react old\\src\\components\\sum.js": {"path":"C:\\Users\\Lenovo\\Desktop\\js April 2026\\Namaste react old\\src\\components\\sum.js","statementMap":{"0":{"start":{"line":1,"column":18},"end":{"line":3,"column":1}},"1":{"start":{"line":2,"column":4},"end":{"line":2,"column":17}}},"fnMap":{"0":{"name":"(anonymous_0)","decl":{"start":{"line":1,"column":18},"end":{"line":1,"column":19}},"loc":{"start":{"line":1,"column":27},"end":{"line":3,"column":1}},"line":1}},"branchMap":{},"s":{"0":1,"1":1},"f":{"0":1},"b":{},"_coverageSchema":"1a1c01bbd47fc00a2c39e90264f33305004495a9","hash":"595264aebfc53d8557ceabc0b547c8e15df9c595"}
}
